INFO:root:Model loaded
INFO:root:Accuracy of the model : 59%
INFO:root:
INFO:root:[[0.84810127 0.70454545 0.63768116 0.56      ]
 [0.81012658 0.65909091 0.62318841 0.52      ]
 [0.59493671 0.72727273 0.23188406 0.08      ]
 [0.81012658 0.70454545 0.79710145 0.72      ]
 [0.73417722 0.90909091 0.17391304 0.08      ]
 [0.84810127 0.75       0.82608696 0.84      ]
 [0.87341772 0.70454545 0.71014493 0.6       ]
 [0.62025316 0.68181818 0.20289855 0.08      ]
 [0.6835443  0.77272727 0.24637681 0.08      ]
 [0.84810127 0.75       0.82608696 0.84      ]
 [0.84810127 0.70454545 0.63768116 0.56      ]
 [0.64556962 0.86363636 0.23188406 0.08      ]
 [0.72151899 0.59090909 0.50724638 0.4       ]
 [0.7721519  0.68181818 0.71014493 0.72      ]
 [0.65822785 0.79545455 0.2173913  0.08      ]]
INFO:root:Completed for delta = 1, sample = 0 in 30.976587772369385 sec as unsat
INFO:root:Completed for delta = 1, sample = 1 in 33.69844388961792 sec as unsat
INFO:root:Completed for delta = 1, sample = 2 in 10.022239685058594 sec as sat
INFO:root:Completed for delta = 1, sample = 3 in 34.16987895965576 sec as unsat
INFO:root:Completed for delta = 1, sample = 4 in 10.373944759368896 sec as sat
INFO:root:Completed for delta = 1, sample = 5 in 33.33875560760498 sec as unsat
INFO:root:Completed for delta = 1, sample = 6 in 36.926652908325195 sec as unsat
INFO:root:Completed for delta = 1, sample = 7 in 10.18490743637085 sec as sat
INFO:root:Completed for delta = 1, sample = 8 in 14.664109230041504 sec as sat
INFO:root:Completed for delta = 1, sample = 9 in 33.2645366191864 sec as unsat
INFO:root:Completed for delta = 1, sample = 10 in 19.572583436965942 sec as unsat
INFO:root:Completed for delta = 1, sample = 11 in 7.882694959640503 sec as sat
INFO:root:Completed for delta = 1, sample = 12 in 26.207401752471924 sec as unsat
INFO:root:Completed for delta = 1, sample = 13 in 25.704448699951172 sec as unsat
INFO:root:Completed for delta = 1, sample = 14 in 7.37898063659668 sec as sat
INFO:root:Completed for delta = 1 with 9 in avg time 22.291077756881712 sec
INFO:root:Completed for delta = 2, sample = 0 in 214.57649564743042 sec as unsat
INFO:root:Completed for delta = 2, sample = 1 in 138.37671279907227 sec as unsat
INFO:root:Completed for delta = 2, sample = 2 in 10.49858021736145 sec as sat
INFO:root:Completed for delta = 2, sample = 3 in 350.6033344268799 sec as unsat
INFO:root:Completed for delta = 2, sample = 4 in 3.6612892150878906 sec as sat
INFO:root:Completed for delta = 2, sample = 5 in 146.98256659507751 sec as unsat
INFO:root:Completed for delta = 2, sample = 6 in 190.8610634803772 sec as unsat
INFO:root:Completed for delta = 2, sample = 7 in 13.277013778686523 sec as sat
INFO:root:Completed for delta = 2, sample = 8 in 6.241650342941284 sec as sat
INFO:root:Completed for delta = 2, sample = 9 in 406.70262360572815 sec as unsat
INFO:root:Completed for delta = 2, sample = 10 in 216.4884316921234 sec as unsat
INFO:root:Completed for delta = 2, sample = 11 in 10.370903253555298 sec as sat
INFO:root:Completed for delta = 2, sample = 12 in 167.76282477378845 sec as unsat
INFO:root:Completed for delta = 2, sample = 13 in 716.0928761959076 sec as unsat
INFO:root:Completed for delta = 2, sample = 14 in 16.867349863052368 sec as sat
INFO:root:Completed for delta = 2 with 9 in avg time 173.957581059138 sec
INFO:root:Completed for delta = 3, sample = 0 in 724.3475897312164 sec as unsat
INFO:root:Completed for delta = 3, sample = 1 in 1513.2958843708038 sec as unsat
INFO:root:Completed for delta = 3, sample = 2 in 7.3546998500823975 sec as sat
INFO:root:Completed for delta = 3, sample = 3 in 8371.576325654984 sec as unsat
INFO:root:Completed for delta = 3, sample = 4 in 7.6899731159210205 sec as sat
INFO:root:Completed for delta = 3, sample = 5 in 1281.4387590885162 sec as unsat
INFO:root:Completed for delta = 3, sample = 6 in 3343.7021787166595 sec as unsat
INFO:root:Completed for delta = 3, sample = 7 in 7.144361972808838 sec as sat
INFO:root:Completed for delta = 3, sample = 8 in 31.992711544036865 sec as sat
INFO:root:Completed for delta = 3, sample = 9 in 1907.884179353714 sec as unsat
INFO:root:Completed for delta = 3, sample = 10 in 7874.093204259872 sec as unsat
INFO:root:Completed for delta = 3, sample = 11 in 16.923340320587158 sec as sat
INFO:root:Completed for delta = 3, sample = 12 in 3984.583747148514 sec as unsat
INFO:root:Completed for delta = 3, sample = 13 in 11522.874486207962 sec as unsat
INFO:root:Completed for delta = 3, sample = 14 in 8.2703378200531 sec as sat
INFO:root:Completed for delta = 3 with 9 in avg time 2706.878118610383 sec
