INFO:root:Model loaded
INFO:root:Accuracy of the model : 62%
INFO:root:
INFO:root:[[0.84810127 0.70454545 0.63768116 0.56      ]
 [0.81012658 0.65909091 0.62318841 0.52      ]
 [0.59493671 0.72727273 0.23188406 0.08      ]
 [0.81012658 0.70454545 0.79710145 0.72      ]
 [0.73417722 0.90909091 0.17391304 0.08      ]
 [0.84810127 0.75       0.82608696 0.84      ]
 [0.87341772 0.70454545 0.71014493 0.6       ]
 [0.62025316 0.68181818 0.20289855 0.08      ]
 [0.6835443  0.77272727 0.24637681 0.08      ]
 [0.84810127 0.75       0.82608696 0.84      ]
 [0.84810127 0.70454545 0.63768116 0.56      ]
 [0.64556962 0.86363636 0.23188406 0.08      ]
 [0.72151899 0.59090909 0.50724638 0.4       ]
 [0.7721519  0.68181818 0.71014493 0.72      ]
 [0.65822785 0.79545455 0.2173913  0.08      ]]
INFO:root:Completed for delta = 1, sample = 0 in 20.78064775466919 sec as unsat
INFO:root:Completed for delta = 1, sample = 1 in 25.26906418800354 sec as unsat
INFO:root:Completed for delta = 1, sample = 2 in 6.691833019256592 sec as sat
INFO:root:Completed for delta = 1, sample = 3 in 25.87260603904724 sec as unsat
INFO:root:Completed for delta = 1, sample = 4 in 6.91799783706665 sec as sat
INFO:root:Completed for delta = 1, sample = 5 in 27.671839714050293 sec as unsat
INFO:root:Completed for delta = 1, sample = 6 in 24.102041721343994 sec as unsat
INFO:root:Completed for delta = 1, sample = 7 in 3.9872841835021973 sec as sat
INFO:root:Completed for delta = 1, sample = 8 in 7.9611687660217285 sec as sat
INFO:root:Completed for delta = 1, sample = 9 in 22.301563501358032 sec as unsat
INFO:root:Completed for delta = 1, sample = 10 in 30.84671378135681 sec as unsat
INFO:root:Completed for delta = 1, sample = 11 in 5.0632123947143555 sec as sat
INFO:root:Completed for delta = 1, sample = 12 in 21.84956192970276 sec as unsat
INFO:root:Completed for delta = 1, sample = 13 in 29.552159070968628 sec as unsat
INFO:root:Completed for delta = 1, sample = 14 in 15.880175113677979 sec as unsat
INFO:root:Completed for delta = 1 with 10 in avg time 18.316524600982667 sec
INFO:root:Completed for delta = 2, sample = 0 in 218.35669779777527 sec as unsat
INFO:root:Completed for delta = 2, sample = 1 in 168.749276638031 sec as unsat
INFO:root:Completed for delta = 2, sample = 2 in 4.4982590675354 sec as sat
INFO:root:Completed for delta = 2, sample = 3 in 299.2098033428192 sec as unsat
INFO:root:Completed for delta = 2, sample = 4 in 6.281962871551514 sec as sat
INFO:root:Completed for delta = 2, sample = 5 in 165.7937994003296 sec as unsat
INFO:root:Completed for delta = 2, sample = 6 in 121.96365118026733 sec as unsat
INFO:root:Completed for delta = 2, sample = 7 in 5.326420783996582 sec as sat
INFO:root:Completed for delta = 2, sample = 8 in 4.23293662071228 sec as sat
INFO:root:Completed for delta = 2, sample = 9 in 155.946444272995 sec as unsat
INFO:root:Completed for delta = 2, sample = 10 in 252.5657229423523 sec as unsat
INFO:root:Completed for delta = 2, sample = 11 in 6.672393798828125 sec as sat
INFO:root:Completed for delta = 2, sample = 12 in 197.6326048374176 sec as unsat
INFO:root:Completed for delta = 2, sample = 13 in 109.90457677841187 sec as unsat
INFO:root:Completed for delta = 2, sample = 14 in 6.872567892074585 sec as sat
INFO:root:Completed for delta = 2 with 9 in avg time 114.93380788167318 sec
INFO:root:Completed for delta = 3, sample = 0 in 6330.434325218201 sec as unsat
INFO:root:Completed for delta = 3, sample = 1 in 4516.534068346024 sec as unsat
INFO:root:Completed for delta = 3, sample = 2 in 6.5252721309661865 sec as sat
INFO:root:Completed for delta = 3, sample = 3 in 2530.3583426475525 sec as unsat
INFO:root:Completed for delta = 3, sample = 4 in 5.736385822296143 sec as sat
INFO:root:Completed for delta = 3, sample = 5 in 3553.580615758896 sec as unsat
INFO:root:Completed for delta = 3, sample = 6 in 10719.476566076279 sec as unsat
INFO:root:Completed for delta = 3, sample = 7 in 9.800607442855835 sec as sat
INFO:root:Completed for delta = 3, sample = 8 in 6.244945764541626 sec as sat
INFO:root:Completed for delta = 3, sample = 9 in 2729.662360191345 sec as unsat
INFO:root:Completed for delta = 3, sample = 10 in 4967.967327594757 sec as unsat
INFO:root:Completed for delta = 3, sample = 11 in 3.733428716659546 sec as sat
INFO:root:Completed for delta = 3, sample = 12 in 671.71715092659 sec as unsat
INFO:root:Completed for delta = 3, sample = 13 in 4594.389969587326 sec as unsat
INFO:root:Completed for delta = 3, sample = 14 in 4.698023557662964 sec as sat
INFO:root:Completed for delta = 3 with 9 in avg time 2710.05729265213 sec
