INFO:root:Model loaded
INFO:root:Accuracy of the model : 66%
INFO:root:
INFO:root:[[0.84810127 0.70454545 0.63768116 0.56      ]
 [0.81012658 0.65909091 0.62318841 0.52      ]
 [0.59493671 0.72727273 0.23188406 0.08      ]
 [0.81012658 0.70454545 0.79710145 0.72      ]
 [0.73417722 0.90909091 0.17391304 0.08      ]]
INFO:root:Completed for delta = 2, sample = 0 in 242.29784202575684 sec as unsat
INFO:root:Completed for delta = 2, sample = 1 in 180.59811758995056 sec as unsat
INFO:root:Completed for delta = 2, sample = 2 in 12.69226884841919 sec as sat
INFO:root:Completed for delta = 2, sample = 3 in 307.07068252563477 sec as unsat
INFO:root:Completed for delta = 2, sample = 4 in 6.928532600402832 sec as sat
INFO:root:Completed for delta = 2 with 3 in avg time 149.91748871803284 sec
INFO:root:[[0.84810127 0.75       0.82608696 0.84      ]
 [0.87341772 0.70454545 0.71014493 0.6       ]
 [0.62025316 0.68181818 0.20289855 0.08      ]
 [0.6835443  0.77272727 0.24637681 0.08      ]
 [0.84810127 0.75       0.82608696 0.84      ]]
INFO:root:Completed for delta = 2, sample = 0 in 247.6687970161438 sec as unsat
INFO:root:Completed for delta = 2, sample = 1 in 329.11330819129944 sec as unsat
INFO:root:Completed for delta = 2, sample = 2 in 7.240906476974487 sec as sat
INFO:root:Completed for delta = 2, sample = 3 in 5.02777099609375 sec as sat
INFO:root:Completed for delta = 2, sample = 4 in 273.3490540981293 sec as unsat
INFO:root:Completed for delta = 2 with 3 in avg time 172.47996735572815 sec
INFO:root:[[0.84810127 0.70454545 0.63768116 0.56      ]
 [0.64556962 0.86363636 0.23188406 0.08      ]
 [0.72151899 0.59090909 0.50724638 0.4       ]
 [0.7721519  0.68181818 0.71014493 0.72      ]
 [0.65822785 0.79545455 0.2173913  0.08      ]]
INFO:root:Completed for delta = 2, sample = 0 in 299.0490345954895 sec as unsat
INFO:root:Completed for delta = 2, sample = 1 in 9.22354769706726 sec as sat
INFO:root:Completed for delta = 2, sample = 2 in 138.36251735687256 sec as unsat
INFO:root:Completed for delta = 2, sample = 3 in 319.5250279903412 sec as unsat
INFO:root:Completed for delta = 2, sample = 4 in 10.11208701133728 sec as sat
INFO:root:Completed for delta = 2 with 3 in avg time 155.25444293022156 sec
