INFO:root:Model loaded
INFO:root:Accuracy of the model : 59%
INFO:root:
INFO:root:[[0.84810127 0.70454545 0.63768116 0.56      ]
 [0.81012658 0.65909091 0.62318841 0.52      ]
 [0.59493671 0.72727273 0.23188406 0.08      ]
 [0.81012658 0.70454545 0.79710145 0.72      ]
 [0.73417722 0.90909091 0.17391304 0.08      ]
 [0.84810127 0.75       0.82608696 0.84      ]
 [0.87341772 0.70454545 0.71014493 0.6       ]
 [0.62025316 0.68181818 0.20289855 0.08      ]
 [0.6835443  0.77272727 0.24637681 0.08      ]
 [0.84810127 0.75       0.82608696 0.84      ]
 [0.84810127 0.70454545 0.63768116 0.56      ]
 [0.64556962 0.86363636 0.23188406 0.08      ]
 [0.72151899 0.59090909 0.50724638 0.4       ]
 [0.7721519  0.68181818 0.71014493 0.72      ]
 [0.65822785 0.79545455 0.2173913  0.08      ]]
INFO:root:Completed for delta = 1, sample = 0 in 28.79355025291443 sec as unsat
INFO:root:Completed for delta = 1, sample = 1 in 22.988064527511597 sec as unsat
INFO:root:Completed for delta = 1, sample = 2 in 15.32395315170288 sec as sat
INFO:root:Completed for delta = 1, sample = 3 in 27.102774143218994 sec as unsat
INFO:root:Completed for delta = 1, sample = 4 in 6.781846046447754 sec as sat
INFO:root:Completed for delta = 1, sample = 5 in 31.29291582107544 sec as unsat
INFO:root:Completed for delta = 1, sample = 6 in 43.53546690940857 sec as unsat
INFO:root:Completed for delta = 1, sample = 7 in 7.253709554672241 sec as sat
INFO:root:Completed for delta = 1, sample = 8 in 6.103317499160767 sec as sat
INFO:root:Completed for delta = 1, sample = 9 in 29.290995121002197 sec as unsat
INFO:root:Completed for delta = 1, sample = 10 in 31.34451460838318 sec as unsat
INFO:root:Completed for delta = 1, sample = 11 in 5.228749752044678 sec as sat
INFO:root:Completed for delta = 1, sample = 12 in 17.25789785385132 sec as unsat
INFO:root:Completed for delta = 1, sample = 13 in 36.19342494010925 sec as unsat
INFO:root:Completed for delta = 1, sample = 14 in 6.102263689041138 sec as sat
INFO:root:Completed for delta = 1 with 9 in avg time 20.972896258036297 sec
INFO:root:Completed for delta = 2, sample = 0 in 342.3671052455902 sec as unsat
INFO:root:Completed for delta = 2, sample = 1 in 111.80323934555054 sec as unsat
INFO:root:Completed for delta = 2, sample = 2 in 8.839695692062378 sec as sat
INFO:root:Completed for delta = 2, sample = 3 in 178.09990882873535 sec as unsat
INFO:root:Completed for delta = 2, sample = 4 in 8.6022789478302 sec as sat
INFO:root:Completed for delta = 2, sample = 5 in 150.34154176712036 sec as unsat
INFO:root:Completed for delta = 2, sample = 6 in 126.94500303268433 sec as unsat
INFO:root:Completed for delta = 2, sample = 7 in 12.154624462127686 sec as sat
INFO:root:Completed for delta = 2, sample = 8 in 6.781137466430664 sec as sat
INFO:root:Completed for delta = 2, sample = 9 in 252.9540765285492 sec as unsat
INFO:root:Completed for delta = 2, sample = 10 in 344.8814673423767 sec as unsat
INFO:root:Completed for delta = 2, sample = 11 in 10.876784801483154 sec as sat
INFO:root:Completed for delta = 2, sample = 12 in 33.72548770904541 sec as unsat
INFO:root:Completed for delta = 2, sample = 13 in 343.5077688694 sec as unsat
INFO:root:Completed for delta = 2, sample = 14 in 4.0004918575286865 sec as sat
INFO:root:Completed for delta = 2 with 9 in avg time 129.05870745976765 sec
INFO:root:Completed for delta = 3, sample = 0 in 3681.9114780426025 sec as unsat
INFO:root:Completed for delta = 3, sample = 1 in 3463.0068838596344 sec as unsat
INFO:root:Completed for delta = 3, sample = 2 in 7.816319227218628 sec as sat
INFO:root:Completed for delta = 3, sample = 3 in 8508.198966264725 sec as unsat
INFO:root:Completed for delta = 3, sample = 4 in 12.124497652053833 sec as sat
INFO:root:Completed for delta = 3, sample = 5 in 7332.549169778824 sec as unsat
INFO:root:Completed for delta = 3, sample = 6 in 1535.4928982257843 sec as unsat
INFO:root:Completed for delta = 3, sample = 7 in 7.941091060638428 sec as sat
INFO:root:Completed for delta = 3, sample = 8 in 7.922581434249878 sec as sat
INFO:root:Completed for delta = 3, sample = 9 in 8169.464063644409 sec as unsat
INFO:root:Completed for delta = 3, sample = 10 in 7050.878888845444 sec as unsat
INFO:root:Completed for delta = 3, sample = 11 in 6.7377588748931885 sec as sat
INFO:root:Completed for delta = 3, sample = 12 in 4515.468506097794 sec as unsat
INFO:root:Completed for delta = 3, sample = 13 in 1560.4483602046967 sec as unsat
INFO:root:Completed for delta = 3, sample = 14 in 6.225214004516602 sec as sat
INFO:root:Completed for delta = 3 with 9 in avg time 3057.7457784811654 sec
