INFO:root:cfg(log_name='Control', use_DNP=False, reuse_level=0)
INFO:root:Model loaded
INFO:root:Accuracy of the model : 60%
INFO:root:
INFO:root:[[0.84810127 0.70454545 0.63768116 0.56      ]
 [0.81012658 0.65909091 0.62318841 0.52      ]
 [0.59493671 0.72727273 0.23188406 0.08      ]
 [0.81012658 0.70454545 0.79710145 0.72      ]
 [0.73417722 0.90909091 0.17391304 0.08      ]]
INFO:root:Completed for delta = 1, sample = 0 in 27.32075309753418 sec as unsat
INFO:root:Completed for delta = 1, sample = 1 in 21.216987371444702 sec as sat
INFO:root:Completed for delta = 1, sample = 2 in 17.513535022735596 sec as unsat
INFO:root:Completed for delta = 1, sample = 3 in 24.39802861213684 sec as unsat
INFO:root:Completed for delta = 1, sample = 4 in 21.492345809936523 sec as unsat
INFO:root:Completed for delta = 1 with 4 in avg time 22.38832998275757 sec
INFO:root:cfg(log_name='DNP', use_DNP=True, reuse_level=0)
INFO:root:Model loaded
INFO:root:Accuracy of the model : 60%
INFO:root:
INFO:root:[[0.84810127 0.70454545 0.63768116 0.56      ]
 [0.81012658 0.65909091 0.62318841 0.52      ]
 [0.59493671 0.72727273 0.23188406 0.08      ]
 [0.81012658 0.70454545 0.79710145 0.72      ]
 [0.73417722 0.90909091 0.17391304 0.08      ]]
INFO:root:Completed for delta = 1, sample = 0 in 26.414618492126465 sec as unsat
INFO:root:Completed for delta = 1, sample = 1 in 21.932140350341797 sec as sat
INFO:root:Completed for delta = 1, sample = 2 in 28.216364860534668 sec as unsat
INFO:root:Completed for delta = 1, sample = 3 in 28.25309181213379 sec as unsat
INFO:root:Completed for delta = 1, sample = 4 in 20.677905082702637 sec as unsat
INFO:root:Completed for delta = 1 with 4 in avg time 25.098824119567873 sec
INFO:root:cfg(log_name='DNP_M1', use_DNP=True, reuse_level=1)
INFO:root:Model loaded
INFO:root:Accuracy of the model : 60%
INFO:root:
INFO:root:[[0.84810127 0.70454545 0.63768116 0.56      ]
 [0.81012658 0.65909091 0.62318841 0.52      ]
 [0.59493671 0.72727273 0.23188406 0.08      ]
 [0.81012658 0.70454545 0.79710145 0.72      ]
 [0.73417722 0.90909091 0.17391304 0.08      ]]
INFO:root:Completed for delta = 1, sample = 0 in 24.606493711471558 sec as unsat
INFO:root:Completed for delta = 1, sample = 1 in 26.354653358459473 sec as sat
INFO:root:Completed for delta = 1, sample = 2 in 18.68406081199646 sec as unsat
INFO:root:Completed for delta = 1, sample = 3 in 22.216082096099854 sec as unsat
INFO:root:Completed for delta = 1, sample = 4 in 19.759764671325684 sec as unsat
INFO:root:Completed for delta = 1 with 4 in avg time 22.324210929870606 sec
INFO:root:cfg(log_name='DNP_M2', use_DNP=True, reuse_level=2)
INFO:root:Model loaded
INFO:root:Accuracy of the model : 60%
INFO:root:
INFO:root:[[0.84810127 0.70454545 0.63768116 0.56      ]
 [0.81012658 0.65909091 0.62318841 0.52      ]
 [0.59493671 0.72727273 0.23188406 0.08      ]
 [0.81012658 0.70454545 0.79710145 0.72      ]
 [0.73417722 0.90909091 0.17391304 0.08      ]]
INFO:root:Completed for delta = 1, sample = 0 in 7.7785725593566895 sec as unsat
INFO:root:Completed for delta = 1, sample = 1 in 14.006073951721191 sec as unsat
INFO:root:Completed for delta = 1, sample = 2 in 10.188115119934082 sec as unsat
INFO:root:Completed for delta = 1, sample = 3 in 11.732444524765015 sec as unsat
INFO:root:Completed for delta = 1, sample = 4 in 11.890183210372925 sec as unsat
INFO:root:Completed for delta = 1 with 5 in avg time 11.11907787322998 sec
INFO:root:cfg(log_name='M1', use_DNP=False, reuse_level=1)
INFO:root:Model loaded
INFO:root:Accuracy of the model : 60%
INFO:root:
INFO:root:[[0.84810127 0.70454545 0.63768116 0.56      ]
 [0.81012658 0.65909091 0.62318841 0.52      ]
 [0.59493671 0.72727273 0.23188406 0.08      ]
 [0.81012658 0.70454545 0.79710145 0.72      ]
 [0.73417722 0.90909091 0.17391304 0.08      ]]
INFO:root:Completed for delta = 1, sample = 0 in 21.015909671783447 sec as unsat
INFO:root:Completed for delta = 1, sample = 1 in 36.21733999252319 sec as sat
INFO:root:Completed for delta = 1, sample = 2 in 23.457793474197388 sec as unsat
INFO:root:Completed for delta = 1, sample = 3 in 26.74893856048584 sec as unsat
INFO:root:Completed for delta = 1, sample = 4 in 26.650452852249146 sec as unsat
INFO:root:Completed for delta = 1 with 4 in avg time 26.818086910247803 sec
INFO:root:cfg(log_name='M2', use_DNP=False, reuse_level=2)
INFO:root:Model loaded
INFO:root:Accuracy of the model : 60%
INFO:root:
INFO:root:[[0.84810127 0.70454545 0.63768116 0.56      ]
 [0.81012658 0.65909091 0.62318841 0.52      ]
 [0.59493671 0.72727273 0.23188406 0.08      ]
 [0.81012658 0.70454545 0.79710145 0.72      ]
 [0.73417722 0.90909091 0.17391304 0.08      ]]
INFO:root:Completed for delta = 1, sample = 0 in 15.370817184448242 sec as unsat
INFO:root:Completed for delta = 1, sample = 1 in 8.642241716384888 sec as unsat
INFO:root:Completed for delta = 1, sample = 2 in 11.005477666854858 sec as unsat
INFO:root:Completed for delta = 1, sample = 3 in 10.536629438400269 sec as unsat
INFO:root:Completed for delta = 1, sample = 4 in 12.036023616790771 sec as unsat
INFO:root:Completed for delta = 1 with 5 in avg time 11.518237924575805 sec
