INFO:root:Model loaded
INFO:root:Accuracy of the model : 60%
INFO:root:
INFO:root:[[0.84810127 0.70454545 0.63768116 0.56      ]
 [0.81012658 0.65909091 0.62318841 0.52      ]
 [0.59493671 0.72727273 0.23188406 0.08      ]
 [0.81012658 0.70454545 0.79710145 0.72      ]
 [0.73417722 0.90909091 0.17391304 0.08      ]
 [0.84810127 0.75       0.82608696 0.84      ]
 [0.87341772 0.70454545 0.71014493 0.6       ]
 [0.62025316 0.68181818 0.20289855 0.08      ]
 [0.6835443  0.77272727 0.24637681 0.08      ]
 [0.84810127 0.75       0.82608696 0.84      ]
 [0.84810127 0.70454545 0.63768116 0.56      ]
 [0.64556962 0.86363636 0.23188406 0.08      ]
 [0.72151899 0.59090909 0.50724638 0.4       ]
 [0.7721519  0.68181818 0.71014493 0.72      ]
 [0.65822785 0.79545455 0.2173913  0.08      ]]
INFO:root:Completed for delta = 1, sample = 0 in 61.31977677345276 sec as unsat
INFO:root:Completed for delta = 1, sample = 1 in 48.80637741088867 sec as sat
INFO:root:Completed for delta = 1, sample = 2 in 41.96428847312927 sec as unsat
INFO:root:Completed for delta = 1, sample = 3 in 57.053144454956055 sec as unsat
INFO:root:Completed for delta = 1, sample = 4 in 50.199822187423706 sec as unsat
INFO:root:Completed for delta = 1, sample = 5 in 55.655956983566284 sec as unsat
INFO:root:Completed for delta = 1, sample = 6 in 51.04763889312744 sec as unsat
INFO:root:Completed for delta = 1, sample = 7 in 22.24950075149536 sec as unsat
INFO:root:Completed for delta = 1, sample = 8 in 29.66496729850769 sec as unsat
INFO:root:Completed for delta = 1, sample = 9 in 45.50872278213501 sec as unsat
INFO:root:Completed for delta = 1, sample = 10 in 40.5878427028656 sec as unsat
INFO:root:Completed for delta = 1, sample = 11 in 33.91419720649719 sec as unsat
INFO:root:Completed for delta = 1, sample = 12 in 36.524797201156616 sec as sat
INFO:root:Completed for delta = 1, sample = 13 in 48.53700566291809 sec as unsat
INFO:root:Completed for delta = 1, sample = 14 in 30.443845987319946 sec as unsat
INFO:root:Completed for delta = 1 with 13 in avg time 43.56519231796265 sec
INFO:root:Completed for delta = 2, sample = 0 in 13.967759609222412 sec as sat
INFO:root:Completed for delta = 2, sample = 1 in 495.25183153152466 sec as unsat
INFO:root:Completed for delta = 2, sample = 2 in 16.52202272415161 sec as sat
INFO:root:Completed for delta = 2, sample = 3 in 1044.5235302448273 sec as unsat
INFO:root:Completed for delta = 2, sample = 4 in 375.9665710926056 sec as unsat
INFO:root:Completed for delta = 2, sample = 5 in 482.9189751148224 sec as unsat
INFO:root:Completed for delta = 2, sample = 6 in 127.730628490448 sec as sat
INFO:root:Completed for delta = 2, sample = 7 in 468.39565324783325 sec as unsat
INFO:root:Completed for delta = 2, sample = 8 in 403.34314250946045 sec as sat
INFO:root:Completed for delta = 2, sample = 9 in 721.5008533000946 sec as unsat
INFO:root:Completed for delta = 2, sample = 10 in 366.1372265815735 sec as sat
INFO:root:Completed for delta = 2, sample = 11 in 734.6733999252319 sec as unsat
INFO:root:Completed for delta = 2, sample = 12 in 12.625932216644287 sec as sat
INFO:root:Completed for delta = 2, sample = 13 in 1084.7428901195526 sec as unsat
INFO:root:Completed for delta = 2, sample = 14 in 274.93837332725525 sec as unsat
INFO:root:Completed for delta = 2 with 9 in avg time 441.54925266901654 sec
INFO:root:Completed for delta = 3, sample = 0 in 19.331564903259277 sec as sat
INFO:root:Completed for delta = 3, sample = 1 in 26348.695202827454 sec as unsat
