INFO:root:Model loaded
INFO:root:Accuracy of the model : 60%
INFO:root:
INFO:root:[[0.84810127 0.70454545 0.63768116 0.56      ]
 [0.81012658 0.65909091 0.62318841 0.52      ]
 [0.59493671 0.72727273 0.23188406 0.08      ]
 [0.81012658 0.70454545 0.79710145 0.72      ]
 [0.73417722 0.90909091 0.17391304 0.08      ]
 [0.84810127 0.75       0.82608696 0.84      ]
 [0.87341772 0.70454545 0.71014493 0.6       ]
 [0.62025316 0.68181818 0.20289855 0.08      ]
 [0.6835443  0.77272727 0.24637681 0.08      ]
 [0.84810127 0.75       0.82608696 0.84      ]
 [0.84810127 0.70454545 0.63768116 0.56      ]
 [0.64556962 0.86363636 0.23188406 0.08      ]
 [0.72151899 0.59090909 0.50724638 0.4       ]
 [0.7721519  0.68181818 0.71014493 0.72      ]
 [0.65822785 0.79545455 0.2173913  0.08      ]]
INFO:root:Completed for delta = 1, sample = 0 in 61.681883811950684 sec as unsat
INFO:root:Completed for delta = 1, sample = 1 in 34.473061084747314 sec as sat
INFO:root:Completed for delta = 1, sample = 2 in 38.02660655975342 sec as unsat
INFO:root:Completed for delta = 1, sample = 3 in 58.56746745109558 sec as unsat
INFO:root:Completed for delta = 1, sample = 4 in 40.76755714416504 sec as unsat
INFO:root:Completed for delta = 1, sample = 5 in 51.945043325424194 sec as unsat
INFO:root:Completed for delta = 1, sample = 6 in 63.09499669075012 sec as unsat
INFO:root:Completed for delta = 1, sample = 7 in 26.885243892669678 sec as unsat
INFO:root:Completed for delta = 1, sample = 8 in 37.821670055389404 sec as unsat
INFO:root:Completed for delta = 1, sample = 9 in 70.97608399391174 sec as unsat
INFO:root:Completed for delta = 1, sample = 10 in 42.20751905441284 sec as unsat
INFO:root:Completed for delta = 1, sample = 11 in 35.451178550720215 sec as unsat
INFO:root:Completed for delta = 1, sample = 12 in 18.26702117919922 sec as sat
INFO:root:Completed for delta = 1, sample = 13 in 56.43011426925659 sec as unsat
INFO:root:Completed for delta = 1, sample = 14 in 46.19271945953369 sec as unsat
INFO:root:Completed for delta = 1 with 13 in avg time 45.51921110153198 sec
INFO:root:Completed for delta = 2, sample = 0 in 24.410147666931152 sec as sat
INFO:root:Completed for delta = 2, sample = 1 in 1020.8168115615845 sec as unsat
INFO:root:Completed for delta = 2, sample = 2 in 10.619411706924438 sec as sat
INFO:root:Completed for delta = 2, sample = 3 in 1005.8704483509064 sec as unsat
INFO:root:Completed for delta = 2, sample = 4 in 558.659455537796 sec as unsat
INFO:root:Completed for delta = 2, sample = 5 in 869.981119632721 sec as unsat
INFO:root:Completed for delta = 2, sample = 6 in 542.4101204872131 sec as sat
INFO:root:Completed for delta = 2, sample = 7 in 574.0874130725861 sec as unsat
INFO:root:Completed for delta = 2, sample = 8 in 466.5844917297363 sec as sat
INFO:root:Completed for delta = 2, sample = 9 in 790.140053987503 sec as unsat
INFO:root:Completed for delta = 2, sample = 10 in 1101.4895853996277 sec as sat
INFO:root:Completed for delta = 2, sample = 11 in 729.0724339485168 sec as unsat
INFO:root:Completed for delta = 2, sample = 12 in 5.142053842544556 sec as sat
INFO:root:Completed for delta = 2, sample = 13 in 1165.1302509307861 sec as unsat
INFO:root:Completed for delta = 2, sample = 14 in 362.9329204559326 sec as unsat
INFO:root:Completed for delta = 2 with 9 in avg time 615.1564478874207 sec
INFO:root:Completed for delta = 3, sample = 0 in 24.315104722976685 sec as sat
INFO:root:Completed for delta = 3, sample = 1 in 28166.93170952797 sec as unsat
