python3 batch_test.py --np_level 0 --reuse_level 0 --seed 1218 -p 11075961
CFG(log_name='11075961_Control', np_level=0, reuse_level=0, seed=1218, num_samples=15, deltas=(1, 2, 3))
Model loaded
Accuracy of the model : 65%

[[0.81012658 0.63636364 0.8115942  0.88      ]
 [0.60759494 0.68181818 0.20289855 0.04      ]
 [0.70886076 0.65909091 0.52173913 0.52      ]
 [0.58227848 0.70454545 0.2173913  0.08      ]
 [0.7721519  0.63636364 0.68115942 0.48      ]
 [0.74683544 0.72727273 0.69565217 0.72      ]
 [0.72151899 0.65909091 0.60869565 0.52      ]
 [0.7721519  0.59090909 0.8115942  0.56      ]
 [0.87341772 0.70454545 0.73913043 0.92      ]
 [0.63291139 0.75       0.20289855 0.08      ]
 [0.81012658 0.61363636 0.76811594 0.76      ]
 [0.87341772 0.70454545 0.71014493 0.6       ]
 [0.72151899 1.         0.2173913  0.16      ]
 [0.78481013 0.5        0.65217391 0.6       ]
 [0.84810127 0.70454545 0.8115942  0.96      ]]
Completed for delta = 1, sample = 3 in 36.38731384277344 sec as unsat
Completed for delta = 1, sample = 14 in 38.30872201919556 sec as unsat
Completed for delta = 1, sample = 9 in 44.835336446762085 sec as sat
Completed for delta = 1, sample = 4 in 41.288546323776245 sec as unsat
Completed for delta = 1, sample = 7 in 54.298142194747925 sec as unsat
Completed for delta = 1, sample = 10 in 55.97091197967529 sec as unsat
Completed for delta = 1, sample = 6 in 12.950525760650635 sec as sat
Completed for delta = 1, sample = 1 in 29.92689347267151 sec as unsat
Completed for delta = 1, sample = 8 in 41.51333260536194 sec as unsat
Completed for delta = 1, sample = 5 in 42.073403120040894 sec as unsat
Completed for delta = 1, sample = 11 in 44.67762494087219 sec as unsat
Completed for delta = 1, sample = 12 in 48.046241760253906 sec as unsat
Completed for delta = 1, sample = 0 in 31.719018936157227 sec as unsat
Completed for delta = 1, sample = 13 in 36.66292977333069 sec as unsat
Completed for delta = 1, sample = 2 in 30.281269311904907 sec as sat
Completed for delta = 1 with 0 in avg time 39.262680832544966 sec
Completed for delta = 2, sample = 6 in 13.335551738739014 sec as sat
Completed for delta = 2, sample = 4 in 15.31110954284668 sec as sat
Completed for delta = 2, sample = 1 in 21.89598798751831 sec as sat
Completed for delta = 2, sample = 2 in 26.71167778968811 sec as sat
Completed for delta = 2, sample = 11 in 60.671449184417725 sec as sat
Completed for delta = 2, sample = 12 in 674.050055027008 sec as unsat
Completed for delta = 2, sample = 8 in 771.3058979511261 sec as unsat
Completed for delta = 2, sample = 3 in 662.3167357444763 sec as unsat
Completed for delta = 2, sample = 10 in 801.7741525173187 sec as unsat
Completed for delta = 2, sample = 13 in 832.2379577159882 sec as unsat
Completed for delta = 2, sample = 9 in 628.7704346179962 sec as unsat
Completed for delta = 2 with 0 in avg time 523.6919870535532 sec
Completed for delta = 3, sample = 2 in 18.251797437667847 sec as sat
Completed for delta = 3, sample = 11 in 21.787636280059814 sec as sat
Completed for delta = 3, sample = 5 in 10076.501643419266 sec as sat
Completed for delta = 3, sample = 3 in 95.18576073646545 sec as sat
Completed for delta = 3, sample = 1 in 317.8084397315979 sec as sat
Completed for delta = 3, sample = 6 in 18.614990234375 sec as sat
Completed for delta = 3, sample = 0 in 13317.324982404709 sec as unsat
Completed for delta = 3, sample = 12 in 15959.454203605652 sec as unsat
Completed for delta = 3, sample = 9 in 19102.252509593964 sec as unsat
Completed for delta = 3, sample = 13 in 21531.85928273201 sec as unsat
Completed for delta = 3, sample = 10 in 24123.8824365139 sec as unsat
Completed for delta = 3, sample = 14 in 25793.856112003326 sec as unsat
Completed for delta = 3, sample = 4 in 25860.222448587418 sec as unsat
Completed for delta = 3, sample = 7 in 27869.600907564163 sec as unsat
Completed for delta = 3, sample = 8 in 31931.102048158646 sec as unsat
Completed for delta = 3 with 0 in avg time 14402.513679933549 sec

