python3 batch_test.py --np_level 0 --reuse_level 0 --seed 42 -p 11075958
CFG(log_name='11075958_Control', np_level=0, reuse_level=0, seed=42, num_samples=15, deltas=(1, 2, 3))
Model loaded
Accuracy of the model : 60%

[[0.84810127 0.70454545 0.63768116 0.56      ]
 [0.81012658 0.65909091 0.62318841 0.52      ]
 [0.59493671 0.72727273 0.23188406 0.08      ]
 [0.81012658 0.70454545 0.79710145 0.72      ]
 [0.73417722 0.90909091 0.17391304 0.08      ]
 [0.84810127 0.75       0.82608696 0.84      ]
 [0.87341772 0.70454545 0.71014493 0.6       ]
 [0.62025316 0.68181818 0.20289855 0.08      ]
 [0.6835443  0.77272727 0.24637681 0.08      ]
 [0.84810127 0.75       0.82608696 0.84      ]
 [0.84810127 0.70454545 0.63768116 0.56      ]
 [0.64556962 0.86363636 0.23188406 0.08      ]
 [0.72151899 0.59090909 0.50724638 0.4       ]
 [0.7721519  0.68181818 0.71014493 0.72      ]
 [0.65822785 0.79545455 0.2173913  0.08      ]]
Completed for delta = 1, sample = 7 in 19.216129779815674 sec as unsat
Completed for delta = 1, sample = 14 in 35.207022190093994 sec as unsat
Completed for delta = 1, sample = 12 in 36.42950701713562 sec as sat
Completed for delta = 1, sample = 5 in 36.95723104476929 sec as unsat
Completed for delta = 1, sample = 2 in 29.43751358985901 sec as unsat
Completed for delta = 1, sample = 8 in 31.233924627304077 sec as unsat
Completed for delta = 1, sample = 11 in 38.531166076660156 sec as unsat
Completed for delta = 1, sample = 4 in 39.72873091697693 sec as unsat
Completed for delta = 1, sample = 6 in 39.837993144989014 sec as unsat
Completed for delta = 1, sample = 10 in 40.61137127876282 sec as unsat
Completed for delta = 1, sample = 9 in 41.582210063934326 sec as unsat
Completed for delta = 1, sample = 0 in 42.2979040145874 sec as unsat
Completed for delta = 1, sample = 13 in 42.35807728767395 sec as unsat
Completed for delta = 1, sample = 1 in 46.51346778869629 sec as sat
Completed for delta = 1, sample = 3 in 48.05411386489868 sec as unsat
Completed for delta = 1 with 0 in avg time 37.86642417907715 sec
Completed for delta = 2, sample = 2 in 12.390939474105835 sec as sat
Completed for delta = 2, sample = 0 in 23.797117471694946 sec as sat
Completed for delta = 2, sample = 12 in 23.809030771255493 sec as sat
Completed for delta = 2, sample = 8 in 79.31149315834045 sec as sat
Completed for delta = 2, sample = 10 in 122.91398692131042 sec as sat
Completed for delta = 2, sample = 14 in 389.2923023700714 sec as unsat
Completed for delta = 2, sample = 7 in 473.417174577713 sec as unsat
Completed for delta = 2, sample = 4 in 542.5739543437958 sec as unsat
Completed for delta = 2, sample = 11 in 639.4480314254761 sec as unsat
Completed for delta = 2, sample = 1 in 747.421409368515 sec as unsat
Completed for delta = 2, sample = 9 in 759.0113942623138 sec as unsat
Completed for delta = 2, sample = 3 in 878.3136265277863 sec as unsat
Completed for delta = 2, sample = 5 in 909.979674577713 sec as unsat
Completed for delta = 2, sample = 6 in 923.8043978214264 sec as sat
Completed for delta = 2, sample = 13 in 954.0879085063934 sec as unsat
Completed for delta = 2 with 0 in avg time 498.6381627718608 sec
Completed for delta = 3, sample = 10 in 11.887997150421143 sec as sat
Completed for delta = 3, sample = 12 in 16.317699193954468 sec as sat
Completed for delta = 3, sample = 6 in 18.518636465072632 sec as sat
Completed for delta = 3, sample = 0 in 21.03814458847046 sec as sat
Completed for delta = 3, sample = 14 in 102.3949568271637 sec as sat
Completed for delta = 3, sample = 8 in 956.6493000984192 sec as sat
Completed for delta = 3, sample = 4 in 14460.634105443954 sec as unsat
Completed for delta = 3, sample = 2 in 16747.369378566742 sec as unsat
Completed for delta = 3, sample = 7 in 17078.760214567184 sec as unsat
Completed for delta = 3, sample = 11 in 20516.902631521225 sec as unsat
Completed for delta = 3, sample = 1 in 24210.740493297577 sec as unsat
Completed for delta = 3, sample = 3 in 25350.152007818222 sec as unsat
Completed for delta = 3, sample = 5 in 25361.70919442177 sec as unsat
Completed for delta = 3, sampleCompleted for delta = 3, sample = 13 in 30320.13110113144 sec as unsat
Completed for delta = 3 with 0 in avg time 13407.102658081054 sec

