python3 batch_test.py --np_level 2 --reuse_level 0 --seed 1218 -p 11075965
CFG(log_name='11075965_DNP', np_level=2, reuse_level=0, seed=1218, num_samples=15, deltas=(1, 2, 3))
Model loaded
Accuracy of the model : 65%

[[0.81012658 0.63636364 0.8115942  0.88      ]
 [0.60759494 0.68181818 0.20289855 0.04      ]
 [0.70886076 0.65909091 0.52173913 0.52      ]
 [0.58227848 0.70454545 0.2173913  0.08      ]
 [0.7721519  0.63636364 0.68115942 0.48      ]
 [0.74683544 0.72727273 0.69565217 0.72      ]
 [0.72151899 0.65909091 0.60869565 0.52      ]
 [0.7721519  0.59090909 0.8115942  0.56      ]
 [0.87341772 0.70454545 0.73913043 0.92      ]
 [0.63291139 0.75       0.20289855 0.08      ]
 [0.81012658 0.61363636 0.76811594 0.76      ]
 [0.87341772 0.70454545 0.71014493 0.6       ]
 [0.72151899 1.         0.2173913  0.16      ]
 [0.78481013 0.5        0.65217391 0.6       ]
 [0.84810127 0.70454545 0.8115942  0.96      ]]
Completed for delta = 1, sample = 6 in 16.02359175682068 sec as sat
Completed for delta = 1, sample = 3 in 32.740758180618286 sec as unsat
Completed for delta = 1, sample = 1 in 29.25613784790039 sec as unsat
Completed for delta = 1, sample = 11 in 34.07592797279358 sec as unsat
Completed for delta = 1, sample = 9 in 34.301109075546265 sec as sat
Completed for delta = 1, sample = 10 in 34.5039324760437 sec as unsat
Completed for delta = 1, sample = 5 in 35.01487851142883 sec as unsat
Completed for delta = 1, sample = 4 in 36.76927042007446 sec as unsat
Completed for delta = 1, sample = 2 in 37.46723532676697 sec as sat
Completed for delta = 1, sample = 13 in 37.9834771156311 sec as unsat
Completed for delta = 1, sample = 0 in 38.364566802978516 sec as unsat
Completed for delta = 1, sample = 12 in 40.63004755973816 sec as unsat
Completed for delta = 1, sample = 7 in 45.950786113739014 sec as unsat
Completed for delta = 1, sample = 8 in 46.093623876571655 sec as unsat
Completed for delta = 1, sample = 14 in 52.52673101425171 sec as unsat
Completed for delta = 1 with 0 in avg time 36.78013827006022 sec
Completed for delta = 2, sample = 4 in 11.359403848648071 sec as sat
Completed for delta = 2, sample = 6 in 16.98404598236084 sec as sat
Completed for delta = 2, sample = 2 in 13.089648485183716 sec as sat
Completed for delta = 2, sample = 7 in 937.0542812347412 sec as unsat
Completed for delta = 2, sample = 5 in 999.0296931266785 sec as unsat
Completed for delta = 2, sample = 1 in 19.987980127334595 sec as sat
Completed for delta = 2, sample = 11 in 20.11798357963562 sec as sat
Completed for delta = 2, sample = 3 in 444.5680785179138 sec as unsat
Completed for delta = 2, sample = 12 in 464.5528814792633 sec as unsat
Completed for delta = 2, sample = 9 in 554.8496885299683 sec as unsat
Completed for delta = 2, sample = 14 in 587.4514141082764 sec as unsat
Completed for delta = 2, sample = 10 in 761.5261785984039 sec as unsat
Completed for delta = 2, sample = 13 in 762.4094936847687 sec as unsat
Completed for delta = 2, sample = 8 in 854.1960499286652 sec as unsat
Completed for delta = 2, sample = 0 in 898.9705300331116 sec as unsat
Completed for delta = 2 with 0 in avg time 489.7431567509969 sec
Completed for delta = 3, sample = 2 in 12.051403284072876 sec as sat
Completed for delta = 3, sample = 6 in 23.039995431900024 sec as sat
Completed for delta = 3, sample = 11 in 22.666239023208618 sec as sat
Completed for delta = 3, sample = 3 in 460.0677344799042 sec as sat
Completed for delta = 3, sample = 1 in 1282.4039616584778 sec as sat
Completed for delta = 3, sample = 5 in 6419.711265325546 sec as sat
Completed for delta = 3, sample = 9 in 15469.100619792938 sec as unsat
Completed for delta = 3, sample = 10 in 16685.325557231903 sec as unsat
Completed for delta = 3, sample = 12 in 15357.798935174942 sec as unsat
Completed for delta = 3, sample = 14 in 21935.206637859344 sec as unsat
Completed for delta = 3, sample = 0 in 22544.485326766968 sec as unsat
Completed for delta = 3, sample = 13 in 24031.05594921112 sec as unsat
Completed for delta = 3, sample = 7 in 25756.027511119843 sec as unsat
Completed for delta = 3, sampCompleted for delta = 3 with 0 in avg time 13512.470615291595 sec

