python3 batch_test.py --np_level 2 --reuse_level 0 --seed 617 -p 11075963
CFG(log_name='11075963_DNP', np_level=2, reuse_level=0, seed=617, num_samples=15, deltas=(1, 2, 3))
Model loaded
Accuracy of the model : 64%

[[0.58227848 0.70454545 0.2173913  0.08      ]
 [0.81012658 0.72727273 0.65217391 0.6       ]
 [0.58227848 0.70454545 0.2173913  0.08      ]
 [0.64556962 0.56818182 0.43478261 0.44      ]
 [0.81012658 0.72727273 0.65217391 0.6       ]
 [1.         0.86363636 0.92753623 0.8       ]
 [0.62025316 0.70454545 0.2173913  0.08      ]
 [0.65822785 0.93181818 0.2173913  0.04      ]
 [0.60759494 0.77272727 0.23188406 0.08      ]
 [0.75949367 0.65909091 0.65217391 0.6       ]
 [0.64556962 0.86363636 0.23188406 0.08      ]
 [0.69620253 0.52272727 0.57971014 0.52      ]
 [0.65822785 0.93181818 0.2173913  0.04      ]
 [0.87341772 0.70454545 0.7826087  0.84      ]
 [0.72151899 0.68181818 0.60869565 0.48      ]]
Completed for delta = 1, sample = 1 in 19.267442226409912 sec as sat
Completed for delta = 1, sample = 3 in 35.27372217178345 sec as unsat
Completed for delta = 1, sample = 8 in 35.596285581588745 sec as unsat
Completed for delta = 1, sample = 14 in 26.89224338531494 sec as sat
Completed for delta = 1, sample = 2 in 32.87815499305725 sec as unsat
Completed for delta = 1, sample = 10 in 34.211899757385254 sec as unsat
Completed for delta = 1, sample = 9 in 36.44799757003784 sec as unsat
Completed for delta = 1, sample = 6 in 40.51899528503418 sec as unsat
Completed for delta = 1, sample = 4 in 40.76206922531128 sec as unsat
Completed for delta = 1, sample = 0 in 41.298423528671265 sec as unsat
Completed for delta = 1, sample = 12 in 43.03774285316467 sec as unsat
Completed for delta = 1, sample = 7 in 43.76580739021301 sec as unsat
Completed for delta = 1, sample = 5 in 46.78461146354675 sec as unsat
Completed for delta = 1, sample = 13 in 47.58289813995361 sec as unsat
Completed for delta = 1, sample = 11 in 55.556758403778076 sec as sat
Completed for delta = 1 with 0 in avg time 38.658336798350014 sec
Completed for delta = 2, sample = 2 in 14.832587957382202 sec as sat
Completed for delta = 2, sample = 14 in 28.020524263381958 sec as sat
Completed for delta = 2, sample = 4 in 26.264524698257446 sec as sat
Completed for delta = 2, sample = 1 in 28.2171790599823 sec as sat
Completed for delta = 2, sample = 0 in 441.3913824558258 sec as unsat
Completed for delta = 2, sample = 12 in 448.85311007499695 sec as unsat
Completed for delta = 2, sample = 8 in 464.0335612297058 sec as unsat
Completed for delta = 2, sample = 6 in 484.6459653377533 sec as unsat
Completed for delta = 2, sample = 10 in 494.32277369499207 sec as sat
Completed for delta = 2, sample = 7 in 534.0241539478302 sec as unsat
Completed for delta = 2, sample = 5 in 638.9316022396088 sec as unsat
Completed for delta = 2, sample = 13 in 650.281289100647 sec as unsat
Completed for delta = 2, sample = 3 in 713.4656980037689 sec as unsat
Completed for delta = 2, sample = 11 in 907.0572192668915 sec as unsat
Completed for delta = 2, sample = 9 in 985.9119782447815 sec as unsat
Completed for delta = 2 with 0 in avg time 457.35023663838706 sec
Completed for delta = 3, sample = 3 in 13.011321067810059 sec as sat
Completed for delta = 3, sample = 14 in 17.745647430419922 sec as sat
Completed for delta = 3, sample = 4 in 25.73629856109619 sec as sat
Completed for delta = 3, sample = 9 in 32.753174781799316 sec as sat
Completed for delta = 3, sample = 2 in 40.774983167648315 sec as sat
Completed for delta = 3, sample = 10 in 142.28298115730286 sec as sat
Completed for delta = 3, sample = 8 in 264.659707069397 sec as sat
Completed for delta = 3, sample = 0 in 590.716472864151 sec as sat
Completed for delta = 3, sample = 6 in 2944.975465774536 sec as sat
Completed for delta = 3, sample = 1 in 7061.241354465485 sec as sat
Completed for delta = 3, sample = 7 in 15407.150222063065 sec as unsat
Completed for delta = 3, sample = 12 in 18381.36399078369 sec as unsat
Completed for delta = 3, sample = 5 in 20686.599484682083 sec as unsat
Completed for delta = 3, sample = 11 in 22Completed for delta = 3, sample = 13 in 22449.63232254982 sec as unsat
Completed for delta = 3 with 0 in avg time 7344.007389974594 sec

